android/proguard.cfg
-optimizationpasses 5
-dontusemixedcaseclassnames
-dontskipnonpubliclibraryclasses
-dontskipnonpubliclibraryclassmembers
-dontpreverify
-verbose
-optimizations !code/simplification/arithmetic,!field/*,!class/merging/*

-keep public class * extends android.app.Activity
-keep public class * extends android.app.Application
-keep public class * extends android.app.Service
-keep public class * extends android.content.BroadcastReceiver
-keep public class * extends android.content.ContentProvider
-keep public class * extends android.app.backup.BackupAgentHelper
-keep public class * extends android.preference.Preference
-keep public class com.android.vending.licensing.ILicensingService


-dontwarn com.badlogic.gdx.jnigen.*
-keep class com.badlogic.**
-keep public class android.content.Context
-keep public interface com.badlogic.gdx.Application
-keep public class com.badlogic.gdx.backends.android.AndroidApplicationConfiguration

-dontwarn android.support.v4.**
-keep class android.support.v4.app.** { *; }
-keep interface android.support.v4.app.** { *; }
-dontwarn android.support.v7.**
-keep class java.lang.reflect.**




-dontwarn com.google.android.gms.internal.zzih
-keep class com.google.android.gms.internal.** { *; }
-keep interface com.google.android.gms.internal.** { *; }
-keep public class com.google.android.gms.internal.** { *; }
-dontwarn android.security.NetworkSecurityPolicy
-keep class android.security.** { *; }
-keep interface android.security.** { *; }
-keep public class android.security.** { *; }



-keepclasseswithmembernames class * {
    native <methods>;
}

-keepclasseswithmembers class * {
    public <init>(android.content.Context, android.util.AttributeSet);
}

-keepclasseswithmembers class * {
    public <init>(android.content.Context, android.util.AttributeSet, int);
}

-keepclassmembers class * extends android.app.Activity {
   public void *(android.view.View);
}

-keepclassmembers enum * {
    public static **[] values();
    public static ** valueOf(java.lang.String);
}

-keep class * implements android.os.Parcelable {
  public static final android.os.Parcelable$Creator *;
}