android/proguard/mapping.txt
com.alagris.src.android.AndroidLauncher -> com.alagris.src.android.AndroidLauncher:
    com.alagris.src.android.AndroidSwarmImplementation swarmInterface -> o
    com.alagris.src.android.AndroidLauncher mainActivity -> p
    com.google.android.gms.ads.InterstitialAd interstitialAd -> q
    com.alagris.src.FastClicker fastClicker -> r
    com.alagris.src.specific.AdMobInterface adMobGDX -> s
    com.google.android.gms.common.api.GoogleApiClient googleApiClient -> t
    com.google.android.gms.common.api.GoogleApiClient$OnConnectionFailedListener connectionFailedListener -> u
    com.google.android.gms.common.api.GoogleApiClient$ConnectionCallbacks connectionCallbacks -> v
    com.google.android.gms.ads.AdListener adListener -> w
    void onCreate(android.os.Bundle) -> onCreate
    void onResume() -> onResume
    void onStart() -> onStart
    void onPause() -> onPause
    void onDestroy() -> onDestroy
    com.alagris.src.android.AndroidLauncher access$0(com.alagris.src.android.AndroidLauncher) -> a
    com.google.android.gms.ads.InterstitialAd access$1(com.alagris.src.android.AndroidLauncher) -> b
    com.alagris.src.android.AndroidSwarmImplementation access$2(com.alagris.src.android.AndroidLauncher) -> c
    com.alagris.src.specific.AdMobInterface access$3(com.alagris.src.android.AndroidLauncher) -> d
    com.google.android.gms.common.api.GoogleApiClient access$4(com.alagris.src.android.AndroidLauncher) -> e
com.alagris.src.android.AndroidLauncher$1 -> com.alagris.src.android.a:
    boolean b -> b
    com.alagris.src.android.AndroidLauncher this$0 -> a
    boolean isLoaded() -> a
    void requestNewInterstitial() -> b
    void showAd() -> c
    void access$0(com.alagris.src.android.AndroidLauncher$1,boolean) -> a
com.alagris.src.android.AndroidLauncher$1$1 -> com.alagris.src.android.b:
    com.alagris.src.android.AndroidLauncher$1 this$1 -> a
    void run() -> run
com.alagris.src.android.AndroidLauncher$1$2 -> com.alagris.src.android.c:
    com.alagris.src.android.AndroidLauncher$1 this$1 -> a
    void run() -> run
com.alagris.src.android.AndroidLauncher$1$3 -> com.alagris.src.android.d:
    com.alagris.src.android.AndroidLauncher$1 this$1 -> a
    void run() -> run
com.alagris.src.android.AndroidLauncher$2 -> com.alagris.src.android.e:
    com.alagris.src.android.AndroidLauncher this$0 -> a
    void onConnectionFailed(com.google.android.gms.common.ConnectionResult) -> a
com.alagris.src.android.AndroidLauncher$3 -> com.alagris.src.android.f:
    com.alagris.src.android.AndroidLauncher this$0 -> a
    void onConnectionSuspended(int) -> a
    void onConnected(android.os.Bundle) -> a
com.alagris.src.android.AndroidLauncher$4 -> com.alagris.src.android.g:
    com.alagris.src.android.AndroidLauncher this$0 -> a
    void onAdClosed() -> a
    void onAdFailedToLoad(int) -> a
    void onAdLeftApplication() -> b
    void onAdLoaded() -> c
    void onAdOpened() -> d
com.alagris.src.android.AndroidLauncher$5 -> com.alagris.src.android.h:
    com.alagris.src.android.AndroidLauncher this$0 -> a
    void onReceive(android.content.Context,android.content.Intent) -> onReceive
...
com.google.android.gms.appdatasearch.UsageInfo -> com.google.android.gms.appdatasearch.UsageInfo:
    com.google.android.gms.appdatasearch.zzj CREATOR -> a
    int mVersionCode -> b
    com.google.android.gms.appdatasearch.DocumentId zzUs -> c
    long zzUt -> d
    int zzUu -> e
    java.lang.String zzvp -> f
    com.google.android.gms.appdatasearch.DocumentContents zzUv -> g
    boolean zzUw -> h
    int zzUx -> i
    int zzUy -> j
    com.google.android.gms.appdatasearch.DocumentId zza(java.lang.String,android.content.Intent) -> a
    com.google.android.gms.appdatasearch.DocumentSection zzo(java.lang.String,java.lang.String) -> a
    java.lang.String zzg(android.content.Intent) -> a
    com.google.android.gms.appdatasearch.DocumentContents$zza zza(android.content.Intent,java.lang.String,android.net.Uri,java.lang.String,java.util.List) -> a
    int describeContents() -> describeContents
    void writeToParcel(android.os.Parcel,int) -> writeToParcel
    java.lang.String toString() -> toString
com.google.android.gms.appdatasearch.UsageInfo$zza -> com.google.android.gms.appdatasearch.c:
    com.google.android.gms.appdatasearch.DocumentId zzUs -> a
    long zzUt -> b
    int zzUu -> c
    java.lang.String zzOJ -> d
    com.google.android.gms.appdatasearch.DocumentContents zzUv -> e
    boolean zzUw -> f
    int zzUx -> g
    int zzUy -> h
    com.google.android.gms.appdatasearch.UsageInfo$zza zza(com.google.android.gms.appdatasearch.DocumentId) -> a
    com.google.android.gms.appdatasearch.UsageInfo$zza zzw(long) -> a
    com.google.android.gms.appdatasearch.UsageInfo$zza zzar(int) -> a
    com.google.android.gms.appdatasearch.UsageInfo$zza zza(com.google.android.gms.appdatasearch.DocumentContents) -> a
    com.google.android.gms.appdatasearch.UsageInfo$zza zzO(boolean) -> a
    com.google.android.gms.appdatasearch.UsageInfo$zza zzas(int) -> b
    com.google.android.gms.appdatasearch.UsageInfo zzmi() -> a
com.google.android.gms.appdatasearch.zza -> com.google.android.gms.appdatasearch.d:
    com.google.android.gms.common.api.Api$zzc zzTy -> a
    com.google.android.gms.common.api.Api$zza zzTz -> d
    com.google.android.gms.common.api.Api zzTA -> b
    com.google.android.gms.appdatasearch.zzk zzTB -> c
com.google.android.gms.appdatasearch.zza$1 -> com.google.android.gms.appdatasearch.e:
    com.google.android.gms.common.api.Api$zzb zza(android.content.Context,android.os.Looper,com.google.android.gms.common.internal.zzf,java.lang.Object,com.google.android.gms.common.api.GoogleApiClient$ConnectionCallbacks,com.google.android.gms.common.api.GoogleApiClient$OnConnectionFailedListener) -> zza
com.google.android.gms.appdatasearch.zzb -> com.google.android.gms.appdatasearch.f:
    void zza(com.google.android.gms.appdatasearch.DocumentContents,android.os.Parcel,int) -> a
    java.lang.Object[] newArray(int) -> newArray
    java.lang.Object createFromParcel(android.os.Parcel) -> createFromParcel
com.google.android.gms.appdatasearch.zzc -> com.google.android.gms.appdatasearch.g:
    void zza$107737e6(com.google.android.gms.appdatasearch.DocumentId,android.os.Parcel) -> a
    java.lang.Object[] newArray(int) -> newArray
    java.lang.Object createFromParcel(android.os.Parcel) -> createFromParcel
com.google.android.gms.appdatasearch.zzd -> com.google.android.gms.appdatasearch.h:
    void zza(com.google.android.gms.appdatasearch.DocumentSection,android.os.Parcel,int) -> a
    java.lang.Object[] newArray(int) -> newArray
    java.lang.Object createFromParcel(android.os.Parcel) -> createFromParcel
com.google.android.gms.appdatasearch.zze -> com.google.android.gms.appdatasearch.i:
    void zza$3d5036(com.google.android.gms.appdatasearch.Feature,android.os.Parcel) -> a
    java.lang.Object[] newArray(int) -> newArray
    java.lang.Object createFromParcel(android.os.Parcel) -> createFromParcel