android/proguard/usage.txt
com.alagris.src.android.AndroidSwarmImplementation:
    private static final int REQUEST_LEADERBOARD
    private static final int REQUEST_ACHIEVEMENTS
    37:37:public void showLeaderboards()
    72:72:public void showDashboard()
    84:84:public boolean isLoggedIn()
    93:93:public void showLogin()
    109:109:public int getUserID()
    244:244:public com.google.android.gms.common.api.GoogleApiClient getGoogleApiClient()
com.alagris.src.android.BuildConfig
com.alagris.src.android.R
com.alagris.src.android.R$attr
com.alagris.src.android.R$color
com.alagris.src.android.R$dimen
com.alagris.src.android.R$drawable
com.alagris.src.android.R$id
com.alagris.src.android.R$integer
com.alagris.src.android.R$layout
com.alagris.src.android.R$raw
com.alagris.src.android.R$string
com.alagris.src.android.R$style
com.alagris.src.android.R$styleable
...
com.google.android.gms.cast.internal.zze:
    public void zza(java.lang.String,boolean,com.google.android.gms.common.api.internal.zza$zzb)
    public void zza(java.lang.String,com.google.android.gms.cast.LaunchOptions,com.google.android.gms.common.api.internal.zza$zzb)
    public void zza(java.lang.String,java.lang.String,com.google.android.gms.cast.JoinOptions,com.google.android.gms.common.api.internal.zza$zzb)
    private void zza(com.google.android.gms.common.api.internal.zza$zzb)
    public void zzb(com.google.android.gms.common.api.internal.zza$zzb)
    public void zza(java.lang.String,com.google.android.gms.common.api.internal.zza$zzb)
    private void zzc(com.google.android.gms.common.api.internal.zza$zzb)
    public void zzoj()
    public void zzf(double)
    public void zzX(boolean)
    public double zzok()
    public boolean isMute()
    public int zzol()
    public int zzom()
    public com.google.android.gms.cast.ApplicationMetadata getApplicationMetadata()
    public java.lang.String getApplicationStatus()
com.google.android.gms.cast.internal.zze$zza:
    public com.google.android.gms.cast.ApplicationMetadata getApplicationMetadata()
    public java.lang.String getApplicationStatus()
    public java.lang.String getSessionId()
    public boolean getWasLaunched()
com.google.android.gms.cast.internal.zzf:
    public static double zzA(long)
    public static long zzg(double)
    public static java.lang.String zzcj(java.lang.String)
    private static boolean zzb(char)
com.google.android.gms.cast.internal.zzl:
    public void zzY(boolean)
com.google.android.gms.cast.internal.zzm
com.google.android.gms.cast.internal.zzp:
    public void clear()
    public boolean zzB(long)
    public boolean zzc(long,int)
com.google.android.gms.common.AccountPicker
com.google.android.gms.common.ConnectionResult:
    public static final int SUCCESS
    public static final int SERVICE_MISSING
    public static final int SERVICE_VERSION_UPDATE_REQUIRED
    public static final int SERVICE_DISABLED
    public static final int SIGN_IN_REQUIRED
    public static final int INVALID_ACCOUNT
    public static final int RESOLUTION_REQUIRED
    public static final int NETWORK_ERROR
    public static final int INTERNAL_ERROR
    public static final int SERVICE_INVALID
    public static final int DEVELOPER_ERROR
    public static final int LICENSE_CHECK_FAILED
    public static final int CANCELED
    public static final int TIMEOUT
    public static final int INTERRUPTED
    public static final int API_UNAVAILABLE
    public static final int SIGN_IN_FAILED
    public static final int SERVICE_UPDATING
    public static final int SERVICE_MISSING_PERMISSION
    public static final int RESTRICTED_PROFILE
    public static final int DRIVE_EXTERNAL_STORAGE_REQUIRED
com.google.android.gms.common.ErrorDialogFragment:
    public static com.google.android.gms.common.ErrorDialogFragment newInstance(android.app.Dialog)
com.google.android.gms.common.GoogleApiAvailability:
    public static final java.lang.String GOOGLE_PLAY_SERVICES_PACKAGE
    public android.app.Dialog getErrorDialog(android.app.Activity,int,int)
    public android.app.Dialog getErrorDialog(android.app.Activity,int,int,android.content.DialogInterface$OnCancelListener)
    public boolean showErrorDialogFragment(android.app.Activity,int,int)
    public boolean showErrorDialogFragment(android.app.Activity,int,int,android.content.DialogInterface$OnCancelListener)
    public void showErrorNotification(android.content.Context,int)
    public android.app.PendingIntent getErrorResolutionPendingIntent(android.content.Context,int,int)
    public android.app.PendingIntent zza(android.content.Context,int,int,java.lang.String)
    public java.lang.String getOpenSourceSoftwareLicenseInfo(android.content.Context)
    public final java.lang.String getErrorString(int)